           ####      G N O M             Version 5.0 (r10553)      ####
                                               Wed Jan  8 16:29:32 2020

           ####      Configuration                                 ####

    System Type:                   arbitrary monodisperse (job = 0)
    Minimum characteristic size:         0.0000
    Maximum characteristic size:        73.0000
    rad56:                               0.0000
    Force 0.0 at r = rmin:                  yes
    Force 0.0 at r = rmax:                  yes
    Initial alpha:                       0.0000
    Initial random seed:    1715764039283981028
    Points in real space:                   198

    Input  1:                      D:/Users18_19/Chenal/ARTICLE_AC489/SASBDB/SASBDB_CaM.dat
    First data point used:                    5
    Last data point used:                   607
    Scaling coefficient:             0.1000E+01
    Experimental setup:            point collimation



           ####      Results                                       ####

    Parameter    DISCRP  OSCILL  STABIL  SYSDEV  POSITV  VALCEN  SMOOTH
    Weight        1.000   3.000   3.000   3.000   1.000   1.000   1.000
    Sigma         0.300   0.600   0.120   0.120   0.120   0.120   0.600
    Ideal         0.700   1.100   0.000   1.000   1.000   0.950   0.000
    Current       0.805   1.400   0.007   0.578   1.000   0.846   0.163
               --------------------------------------------------------
    Estimate      0.884   0.779   0.997   0.000   1.000   0.473   0.929

    Angular range:                       0.0113 to       0.3505
    Reciprocal space Rg:             0.2224E+02
    Reciprocal space I(0):           0.2574E-01

    Real space range:                    0.0000 to      73.0000
    Real space Rg:                   0.2225E+02 +-   0.1897E-01
    Real space I(0):                 0.2574E-01 +-   0.1432E-04

    Highest ALPHA (theor):           0.6318E+05
    Current ALPHA:                   0.4643E+02

    Total Estimate:                      0.6626 (a REASONABLE solution)



           ####      Experimental Data and Fit                     ####

      S          J EXP       ERROR       J REG       I REG

   0.000000E+00                                                0.257408E-01
   0.537297E-03                                                0.257396E-01
   0.107459E-02                                                0.257359E-01
   0.161189E-02                                                0.257297E-01
   0.214919E-02                                                0.257212E-01
   0.268648E-02                                                0.257101E-01
   0.322378E-02                                                0.256967E-01
   0.376108E-02                                                0.256808E-01
   0.429837E-02                                                0.256624E-01
   0.483567E-02                                                0.256417E-01
   0.537297E-02                                                0.256185E-01
   0.591026E-02                                                0.255929E-01
   0.644756E-02                                                0.255649E-01
   0.698486E-02                                                0.255345E-01
   0.752215E-02                                                0.255017E-01
   0.805945E-02                                                0.254665E-01
   0.859675E-02                                                0.254290E-01
   0.913404E-02                                                0.253891E-01
   0.967134E-02                                                0.253468E-01
   0.102086E-01                                                0.253023E-01
   0.107459E-01                                                0.252554E-01
   0.112832E-01   0.252537E-01   0.134570E-03   0.252062E-01   0.252062E-01
   0.118474E-01   0.249435E-01   0.121953E-03   0.251521E-01   0.251521E-01
   0.124116E-01   0.249790E-01   0.112755E-03   0.250956E-01   0.250956E-01
   0.129757E-01   0.252644E-01   0.105951E-03   0.250365E-01   0.250365E-01
   0.135399E-01   0.253718E-01   0.100425E-03   0.249750E-01   0.249750E-01
   0.141040E-01   0.250531E-01   0.952587E-04   0.249110E-01   0.249110E-01
   0.146682E-01   0.249900E-01   0.908222E-04   0.248446E-01   0.248446E-01
   0.152323E-01   0.250057E-01   0.865584E-04   0.247758E-01   0.247758E-01
   0.157965E-01   0.250182E-01   0.833317E-04   0.247047E-01   0.247047E-01
   0.163607E-01   0.248617E-01   0.804081E-04   0.246312E-01   0.246312E-01
   0.169248E-01   0.246283E-01   0.777509E-04   0.245553E-01   0.245553E-01
   0.174890E-01   0.244783E-01   0.753179E-04   0.244772E-01   0.244772E-01
   0.180531E-01   0.244144E-01   0.733637E-04   0.243968E-01   0.243968E-01
   0.186173E-01   0.243776E-01   0.715608E-04   0.243142E-01   0.243142E-01
   0.191814E-01   0.241275E-01   0.695683E-04   0.242293E-01   0.242293E-01
   0.197456E-01   0.241691E-01   0.681469E-04   0.241423E-01   0.241423E-01
   0.203098E-01   0.241586E-01   0.666329E-04   0.240531E-01   0.240531E-01
   0.208739E-01   0.241660E-01   0.651921E-04   0.239618E-01   0.239618E-01
   0.214381E-01   0.239917E-01   0.636305E-04   0.238684E-01   0.238684E-01
   0.220022E-01   0.237504E-01   0.623229E-04   0.237729E-01   0.237729E-01
   0.225664E-01   0.236337E-01   0.611102E-04   0.236754E-01   0.236754E-01
   0.231305E-01   0.234846E-01   0.599648E-04   0.235758E-01   0.235758E-01
   0.236947E-01   0.234167E-01   0.588925E-04   0.234743E-01   0.234743E-01
   0.242588E-01   0.234034E-01   0.579367E-04   0.233709E-01   0.233709E-01
   0.248230E-01   0.232472E-01   0.569712E-04   0.232656E-01   0.232656E-01
   0.253871E-01   0.231882E-01   0.561104E-04   0.231584E-01   0.231584E-01
   0.259513E-01   0.231156E-01   0.552312E-04   0.230494E-01   0.230494E-01
   0.265154E-01   0.229297E-01   0.543189E-04   0.229385E-01   0.229385E-01
   0.270796E-01   0.227588E-01   0.535430E-04   0.228259E-01   0.228259E-01
   0.276437E-01   0.226870E-01   0.528133E-04   0.227116E-01   0.227116E-01
   0.282079E-01   0.224997E-01   0.521110E-04   0.225956E-01   0.225956E-01
   0.287720E-01   0.223469E-01   0.513518E-04   0.224780E-01   0.224780E-01
   0.293362E-01   0.222482E-01   0.505867E-04   0.223587E-01   0.223587E-01
   0.299003E-01   0.221996E-01   0.500044E-04   0.222378E-01   0.222378E-01
   0.304645E-01   0.221450E-01   0.493949E-04   0.221155E-01   0.221155E-01
   0.310286E-01   0.220205E-01   0.488146E-04   0.219916E-01   0.219916E-01
   0.315928E-01   0.218583E-01   0.481968E-04   0.218662E-01   0.218662E-01
   0.321569E-01   0.216857E-01   0.475710E-04   0.217395E-01   0.217395E-01
   0.327211E-01   0.216297E-01   0.470982E-04   0.216113E-01   0.216113E-01
   0.332852E-01   0.215255E-01   0.465264E-04   0.214818E-01   0.214818E-01
   0.338493E-01   0.213107E-01   0.459930E-04   0.213510E-01   0.213510E-01
   0.344135E-01   0.212153E-01   0.455150E-04   0.212190E-01   0.212190E-01
   0.349776E-01   0.210639E-01   0.449423E-04   0.210857E-01   0.210857E-01
   0.355418E-01   0.209294E-01   0.444896E-04   0.209512E-01   0.209512E-01
   0.361059E-01   0.208474E-01   0.440313E-04   0.208156E-01   0.208156E-01
   0.366700E-01   0.206916E-01   0.436141E-04   0.206789E-01   0.206789E-01
   0.372342E-01   0.205250E-01   0.431721E-04   0.205411E-01   0.205411E-01
   0.377983E-01   0.203475E-01   0.426877E-04   0.204023E-01   0.204023E-01
   0.383625E-01   0.202192E-01   0.422875E-04   0.202626E-01   0.202626E-01
   0.389266E-01   0.200315E-01   0.417801E-04   0.201219E-01   0.201219E-01
   0.394907E-01   0.198955E-01   0.414255E-04   0.199803E-01   0.199803E-01
   0.400549E-01   0.198477E-01   0.411122E-04   0.198378E-01   0.198378E-01
   0.406190E-01   0.196894E-01   0.406849E-04   0.196946E-01   0.196946E-01
   0.411831E-01   0.194713E-01   0.402610E-04   0.195505E-01   0.195505E-01
   0.417473E-01   0.193505E-01   0.398875E-04   0.194057E-01   0.194057E-01
   0.423114E-01   0.191985E-01   0.395477E-04   0.192603E-01   0.192603E-01
   0.428755E-01   0.190608E-01   0.391555E-04   0.191142E-01   0.191142E-01
   0.434397E-01   0.189102E-01   0.387884E-04   0.189674E-01   0.189674E-01
   0.440038E-01   0.187860E-01   0.385074E-04   0.188202E-01   0.188202E-01
   0.445679E-01   0.186832E-01   0.382109E-04   0.186723E-01   0.186723E-01
   0.451321E-01   0.185634E-01   0.378897E-04   0.185240E-01   0.185240E-01
   0.456962E-01   0.183389E-01   0.374899E-04   0.183753E-01   0.183753E-01
   0.462603E-01   0.181507E-01   0.371910E-04   0.182261E-01   0.182261E-01
   0.468244E-01   0.180132E-01   0.368938E-04   0.180766E-01   0.180766E-01
   0.473886E-01   0.179333E-01   0.365769E-04   0.179267E-01   0.179267E-01
   0.479527E-01   0.177927E-01   0.362783E-04   0.177766E-01   0.177766E-01
   0.485168E-01   0.176441E-01   0.359965E-04   0.176262E-01   0.176262E-01
   0.490809E-01   0.175408E-01   0.357393E-04   0.174756E-01   0.174756E-01
   0.496450E-01   0.173291E-01   0.353893E-04   0.173248E-01   0.173248E-01
   0.502092E-01   0.172065E-01   0.351527E-04   0.171739E-01   0.171739E-01
   0.507733E-01   0.169934E-01   0.348628E-04   0.170229E-01   0.170229E-01
   0.513374E-01   0.168465E-01   0.345697E-04   0.168718E-01   0.168718E-01
   0.519015E-01   0.167416E-01   0.343244E-04   0.167207E-01   0.167207E-01
   0.524656E-01   0.165587E-01   0.340561E-04   0.165696E-01   0.165696E-01
   0.530297E-01   0.164299E-01   0.337934E-04   0.164186E-01   0.164186E-01
   0.535939E-01   0.162560E-01   0.335130E-04   0.162677E-01   0.162677E-01
   0.541580E-01   0.160818E-01   0.332607E-04   0.161169E-01   0.161169E-01
   0.547221E-01   0.159634E-01   0.330638E-04   0.159662E-01   0.159662E-01
   0.552862E-01   0.158097E-01   0.327742E-04   0.158157E-01   0.158157E-01
   0.558503E-01   0.156240E-01   0.325205E-04   0.156655E-01   0.156655E-01
   0.564144E-01   0.154887E-01   0.322902E-04   0.155155E-01   0.155155E-01
   0.569785E-01   0.154171E-01   0.321308E-04   0.153658E-01   0.153658E-01
   0.575426E-01   0.152942E-01   0.318778E-04   0.152165E-01   0.152165E-01
   0.581067E-01   0.150842E-01   0.315961E-04   0.150675E-01   0.150675E-01
   0.586708E-01   0.149187E-01   0.314343E-04   0.149189E-01   0.149189E-01
   0.592349E-01   0.148184E-01   0.312187E-04   0.147707E-01   0.147707E-01
   0.597990E-01   0.146926E-01   0.310003E-04   0.146229E-01   0.146229E-01
   0.603631E-01   0.145354E-01   0.307955E-04   0.144757E-01   0.144757E-01
   0.609272E-01   0.143117E-01   0.305713E-04   0.143289E-01   0.143289E-01
   0.614913E-01   0.141700E-01   0.303743E-04   0.141828E-01   0.141828E-01
   0.620554E-01   0.140833E-01   0.301621E-04   0.140371E-01   0.140371E-01
   0.626195E-01   0.139371E-01   0.299744E-04   0.138921E-01   0.138921E-01
   0.631836E-01   0.137899E-01   0.297667E-04   0.137477E-01   0.137477E-01
   0.637477E-01   0.136328E-01   0.295702E-04   0.136039E-01   0.136039E-01
   0.643118E-01   0.134857E-01   0.294017E-04   0.134609E-01   0.134609E-01
   0.648759E-01   0.133162E-01   0.291544E-04   0.133185E-01   0.133185E-01
   0.654400E-01   0.131887E-01   0.290180E-04   0.131769E-01   0.131769E-01
   0.660041E-01   0.131038E-01   0.288477E-04   0.130360E-01   0.130360E-01
   0.665682E-01   0.129089E-01   0.286119E-04   0.128959E-01   0.128959E-01
   0.671322E-01   0.127730E-01   0.284387E-04   0.127566E-01   0.127566E-01
   0.676963E-01   0.126469E-01   0.282731E-04   0.126181E-01   0.126181E-01
   0.682604E-01   0.124910E-01   0.280837E-04   0.124805E-01   0.124805E-01
   0.688245E-01   0.123357E-01   0.279350E-04   0.123437E-01   0.123437E-01
   0.693886E-01   0.122071E-01   0.282181E-04   0.122078E-01   0.122078E-01
   0.699527E-01   0.121339E-01   0.283936E-04   0.120728E-01   0.120728E-01
   0.705167E-01   0.120131E-01   0.284416E-04   0.119388E-01   0.119388E-01
   0.710808E-01   0.118749E-01   0.285357E-04   0.118057E-01   0.118057E-01
   0.716449E-01   0.117257E-01   0.288381E-04   0.116735E-01   0.116735E-01
   0.722090E-01   0.115451E-01   0.291689E-04   0.115424E-01   0.115424E-01
   0.727730E-01   0.114187E-01   0.293837E-04   0.114122E-01   0.114122E-01
   0.733371E-01   0.113102E-01   0.295595E-04   0.112830E-01   0.112830E-01
   0.739012E-01   0.111280E-01   0.296680E-04   0.111549E-01   0.111549E-01
   0.744652E-01   0.110023E-01   0.297681E-04   0.110278E-01   0.110278E-01
   0.750293E-01   0.108923E-01   0.298838E-04   0.109018E-01   0.109018E-01
   0.755934E-01   0.107651E-01   0.300147E-04   0.107769E-01   0.107769E-01
   0.761574E-01   0.106126E-01   0.300078E-04   0.106530E-01   0.106530E-01
   0.767215E-01   0.104991E-01   0.300741E-04   0.105302E-01   0.105302E-01
   0.772856E-01   0.104083E-01   0.298809E-04   0.104085E-01   0.104085E-01
   0.778496E-01   0.103027E-01   0.293597E-04   0.102880E-01   0.102880E-01
   0.784137E-01   0.101735E-01   0.290288E-04   0.101686E-01   0.101686E-01
   0.789777E-01   0.100731E-01   0.287738E-04   0.100503E-01   0.100503E-01
   0.795418E-01   0.995799E-02   0.285978E-04   0.993312E-02   0.993312E-02
   0.801058E-01   0.978419E-02   0.284205E-04   0.981713E-02   0.981713E-02
   0.806699E-01   0.966762E-02   0.282879E-04   0.970231E-02   0.970231E-02
   0.812339E-01   0.956369E-02   0.281509E-04   0.958865E-02   0.958865E-02
   0.817980E-01   0.940113E-02   0.279918E-04   0.947617E-02   0.947617E-02
   0.823620E-01   0.933193E-02   0.278905E-04   0.936487E-02   0.936487E-02
   0.829261E-01   0.925848E-02   0.277888E-04   0.925476E-02   0.925476E-02
   0.834901E-01   0.916878E-02   0.277092E-04   0.914584E-02   0.914584E-02
   0.840542E-01   0.905053E-02   0.275826E-04   0.903811E-02   0.903811E-02
   0.846182E-01   0.896485E-02   0.274731E-04   0.893159E-02   0.893159E-02
   0.851822E-01   0.883457E-02   0.273199E-04   0.882626E-02   0.882626E-02
   0.857463E-01   0.871613E-02   0.272435E-04   0.872214E-02   0.872214E-02
   0.863103E-01   0.856560E-02   0.270994E-04   0.861923E-02   0.861923E-02
   0.868743E-01   0.846610E-02   0.270153E-04   0.851752E-02   0.851752E-02
   0.874384E-01   0.836876E-02   0.269134E-04   0.841702E-02   0.841702E-02
   0.880024E-01   0.827686E-02   0.268102E-04   0.831773E-02   0.831773E-02
   0.885664E-01   0.819673E-02   0.267532E-04   0.821965E-02   0.821965E-02
   0.891305E-01   0.810998E-02   0.266569E-04   0.812277E-02   0.812277E-02
   0.896945E-01   0.802063E-02   0.265941E-04   0.802710E-02   0.802710E-02
   0.902585E-01   0.791297E-02   0.264730E-04   0.793263E-02   0.793263E-02
   0.908225E-01   0.785022E-02   0.263750E-04   0.783937E-02   0.783937E-02
   0.913866E-01   0.780711E-02   0.263164E-04   0.774730E-02   0.774730E-02
   0.919506E-01   0.771700E-02   0.261986E-04   0.765643E-02   0.765643E-02
   0.925146E-01   0.759162E-02   0.260947E-04   0.756674E-02   0.756674E-02
   0.930786E-01   0.746986E-02   0.259929E-04   0.747825E-02   0.747825E-02
   0.936426E-01   0.739305E-02   0.259192E-04   0.739093E-02   0.739093E-02
   0.942066E-01   0.734639E-02   0.258453E-04   0.730479E-02   0.730479E-02
   0.947706E-01   0.724256E-02   0.257311E-04   0.721982E-02   0.721982E-02
   0.953346E-01   0.713074E-02   0.256505E-04   0.713602E-02   0.713602E-02
   0.958986E-01   0.703880E-02   0.255638E-04   0.705338E-02   0.705338E-02
   0.964627E-01   0.700808E-02   0.254912E-04   0.697188E-02   0.697188E-02
   0.970267E-01   0.694393E-02   0.254231E-04   0.689153E-02   0.689153E-02
   0.975907E-01   0.683761E-02   0.253112E-04   0.681232E-02   0.681232E-02
   0.981547E-01   0.675335E-02   0.252175E-04   0.673424E-02   0.673424E-02
   0.987186E-01   0.664596E-02   0.251347E-04   0.665728E-02   0.665728E-02
   0.992826E-01   0.657204E-02   0.250210E-04   0.658142E-02   0.658142E-02
   0.998466E-01   0.651678E-02   0.249460E-04   0.650667E-02   0.650667E-02
   0.100411E+00   0.640699E-02   0.247684E-04   0.643302E-02   0.643302E-02
   0.100975E+00   0.633079E-02   0.246989E-04   0.636045E-02   0.636045E-02
   0.101539E+00   0.623133E-02   0.245806E-04   0.628895E-02   0.628895E-02
   0.102103E+00   0.619561E-02   0.244431E-04   0.621852E-02   0.621852E-02
   0.102667E+00   0.615827E-02   0.244033E-04   0.614913E-02   0.614913E-02
   0.103231E+00   0.609974E-02   0.242694E-04   0.608080E-02   0.608080E-02
   0.103795E+00   0.602698E-02   0.241759E-04   0.601349E-02   0.601349E-02
   0.104358E+00   0.594492E-02   0.241150E-04   0.594720E-02   0.594720E-02
   0.104922E+00   0.588013E-02   0.239968E-04   0.588193E-02   0.588193E-02
   0.105486E+00   0.584971E-02   0.239706E-04   0.581765E-02   0.581765E-02
   0.106050E+00   0.577335E-02   0.238790E-04   0.575435E-02   0.575435E-02
   0.106614E+00   0.571556E-02   0.238451E-04   0.569203E-02   0.569203E-02
   0.107178E+00   0.566489E-02   0.237757E-04   0.563067E-02   0.563067E-02
   0.107742E+00   0.558267E-02   0.236549E-04   0.557026E-02   0.557026E-02
   0.108306E+00   0.548494E-02   0.236299E-04   0.551079E-02   0.551079E-02
   0.108870E+00   0.541165E-02   0.235097E-04   0.545223E-02   0.545223E-02
   0.109434E+00   0.538736E-02   0.234789E-04   0.539459E-02   0.539459E-02
   0.109998E+00   0.529373E-02   0.233967E-04   0.533785E-02   0.533785E-02
   0.110562E+00   0.522775E-02   0.233477E-04   0.528200E-02   0.528200E-02
   0.111126E+00   0.520402E-02   0.232912E-04   0.522701E-02   0.522701E-02
   0.111690E+00   0.519227E-02   0.232333E-04   0.517288E-02   0.517288E-02
   0.112254E+00   0.514319E-02   0.232015E-04   0.511960E-02   0.511960E-02
   0.112818E+00   0.510213E-02   0.231039E-04   0.506715E-02   0.506715E-02
   0.113382E+00   0.501594E-02   0.230465E-04   0.501551E-02   0.501551E-02
   0.113946E+00   0.493857E-02   0.229688E-04   0.496468E-02   0.496468E-02
   0.114510E+00   0.487909E-02   0.229206E-04   0.491464E-02   0.491464E-02
   0.115074E+00   0.487151E-02   0.228731E-04   0.486538E-02   0.486538E-02
   0.115638E+00   0.482623E-02   0.227974E-04   0.481688E-02   0.481688E-02
   0.116202E+00   0.478704E-02   0.227702E-04   0.476914E-02   0.476914E-02
   0.116765E+00   0.473760E-02   0.226978E-04   0.472212E-02   0.472212E-02
   0.117329E+00   0.465414E-02   0.226141E-04   0.467583E-02   0.467583E-02
   0.117893E+00   0.463266E-02   0.225879E-04   0.463025E-02   0.463025E-02
   0.118457E+00   0.456308E-02   0.225052E-04   0.458537E-02   0.458537E-02
   0.119021E+00   0.454544E-02   0.224780E-04   0.454116E-02   0.454116E-02
   0.119585E+00   0.451150E-02   0.223905E-04   0.449763E-02   0.449763E-02
   0.120149E+00   0.447502E-02   0.223791E-04   0.445474E-02   0.445474E-02
   0.120713E+00   0.440499E-02   0.222910E-04   0.441250E-02   0.441250E-02
   0.121277E+00   0.436358E-02   0.222339E-04   0.437089E-02   0.437089E-02
   0.121841E+00   0.430270E-02   0.221994E-04   0.432989E-02   0.432989E-02
   0.122405E+00   0.425735E-02   0.220991E-04   0.428949E-02   0.428949E-02
   0.122969E+00   0.424514E-02   0.220880E-04   0.424968E-02   0.424968E-02
   0.123532E+00   0.424103E-02   0.220308E-04   0.421045E-02   0.421045E-02
   0.124096E+00   0.420167E-02   0.219907E-04   0.417177E-02   0.417177E-02
   0.124660E+00   0.411793E-02   0.219029E-04   0.413365E-02   0.413365E-02
   0.125224E+00   0.410616E-02   0.218463E-04   0.409606E-02   0.409606E-02
   0.125788E+00   0.405906E-02   0.218517E-04   0.405899E-02   0.405899E-02
   0.126352E+00   0.401780E-02   0.217754E-04   0.402244E-02   0.402244E-02
   0.126916E+00   0.402750E-02   0.217651E-04   0.398638E-02   0.398638E-02
   0.127480E+00   0.397755E-02   0.216979E-04   0.395081E-02   0.395081E-02
   0.128044E+00   0.390769E-02   0.216405E-04   0.391571E-02   0.391571E-02
   0.128607E+00   0.385948E-02   0.216004E-04   0.388108E-02   0.388108E-02
   0.129171E+00   0.383130E-02   0.215106E-04   0.384689E-02   0.384689E-02
   0.129735E+00   0.376795E-02   0.214794E-04   0.381315E-02   0.381315E-02
   0.130299E+00   0.375503E-02   0.214242E-04   0.377983E-02   0.377983E-02
   0.130863E+00   0.377493E-02   0.214064E-04   0.374693E-02   0.374693E-02
   0.131427E+00   0.374167E-02   0.213645E-04   0.371443E-02   0.371443E-02
   0.131991E+00   0.370144E-02   0.212911E-04   0.368233E-02   0.368233E-02
   0.132555E+00   0.365193E-02   0.212616E-04   0.365061E-02   0.365061E-02
   0.133118E+00   0.365520E-02   0.212269E-04   0.361926E-02   0.361926E-02
   0.133682E+00   0.365186E-02   0.211982E-04   0.358827E-02   0.358827E-02
   0.134246E+00   0.361679E-02   0.211636E-04   0.355763E-02   0.355763E-02
   0.134810E+00   0.355944E-02   0.210833E-04   0.352734E-02   0.352734E-02
   0.135374E+00   0.350528E-02   0.210570E-04   0.349738E-02   0.349738E-02
   0.135938E+00   0.347141E-02   0.209669E-04   0.346774E-02   0.346774E-02
   0.136501E+00   0.343063E-02   0.209325E-04   0.343841E-02   0.343841E-02
   0.137065E+00   0.338417E-02   0.208813E-04   0.340939E-02   0.340939E-02
   0.137629E+00   0.337421E-02   0.208472E-04   0.338066E-02   0.338066E-02
   0.138193E+00   0.332408E-02   0.207942E-04   0.335222E-02   0.335222E-02
   0.138757E+00   0.331582E-02   0.207234E-04   0.332405E-02   0.332405E-02
   0.139321E+00   0.330475E-02   0.207360E-04   0.329615E-02   0.329615E-02
   0.139884E+00   0.328438E-02   0.206713E-04   0.326851E-02   0.326851E-02
   0.140448E+00   0.323978E-02   0.206253E-04   0.324112E-02   0.324112E-02
   0.141012E+00   0.322768E-02   0.205816E-04   0.321398E-02   0.321398E-02
   0.141576E+00   0.320468E-02   0.205283E-04   0.318707E-02   0.318707E-02
   0.142140E+00   0.316849E-02   0.205086E-04   0.316039E-02   0.316039E-02
   0.142704E+00   0.314658E-02   0.204545E-04   0.313394E-02   0.313394E-02
   0.143267E+00   0.312965E-02   0.204423E-04   0.310770E-02   0.310770E-02
   0.143831E+00   0.308904E-02   0.203853E-04   0.308167E-02   0.308167E-02
   0.144395E+00   0.304765E-02   0.203470E-04   0.305584E-02   0.305584E-02
   0.144959E+00   0.298981E-02   0.202951E-04   0.303020E-02   0.303020E-02
   0.145523E+00   0.299383E-02   0.202207E-04   0.300476E-02   0.300476E-02
   0.146086E+00   0.299847E-02   0.202217E-04   0.297949E-02   0.297949E-02
   0.146650E+00   0.295576E-02   0.201702E-04   0.295441E-02   0.295441E-02
   0.147214E+00   0.292580E-02   0.201286E-04   0.292950E-02   0.292950E-02
   0.147778E+00   0.290945E-02   0.200973E-04   0.290475E-02   0.290475E-02
   0.148342E+00   0.285842E-02   0.200270E-04   0.288017E-02   0.288017E-02
   0.148905E+00   0.282586E-02   0.200266E-04   0.285574E-02   0.285574E-02
   0.149469E+00   0.280508E-02   0.199471E-04   0.283147E-02   0.283147E-02
   0.150033E+00   0.279531E-02   0.199170E-04   0.280734E-02   0.280734E-02
   0.150597E+00   0.273702E-02   0.198582E-04   0.278336E-02   0.278336E-02
   0.151160E+00   0.275793E-02   0.198320E-04   0.275952E-02   0.275952E-02
   0.151724E+00   0.274103E-02   0.198104E-04   0.273581E-02   0.273581E-02
   0.152288E+00   0.271907E-02   0.197463E-04   0.271223E-02   0.271223E-02
   0.152852E+00   0.269921E-02   0.197304E-04   0.268878E-02   0.268878E-02
   0.153416E+00   0.265689E-02   0.196744E-04   0.266546E-02   0.266546E-02
   0.153979E+00   0.264334E-02   0.196531E-04   0.264226E-02   0.264226E-02
   0.154543E+00   0.263942E-02   0.196251E-04   0.261917E-02   0.261917E-02
   0.155107E+00   0.259407E-02   0.195605E-04   0.259621E-02   0.259621E-02
   0.155671E+00   0.258865E-02   0.195647E-04   0.257335E-02   0.257335E-02
   0.156234E+00   0.257810E-02   0.195112E-04   0.255061E-02   0.255061E-02
   0.156798E+00   0.253503E-02   0.194587E-04   0.252797E-02   0.252797E-02
   0.157362E+00   0.254042E-02   0.194380E-04   0.250544E-02   0.250544E-02
   0.157925E+00   0.252588E-02   0.193906E-04   0.248302E-02   0.248302E-02
   0.158489E+00   0.247594E-02   0.193830E-04   0.246070E-02   0.246070E-02
   0.159053E+00   0.243363E-02   0.192970E-04   0.243847E-02   0.243847E-02
   0.159617E+00   0.241072E-02   0.192746E-04   0.241635E-02   0.241635E-02
   0.160180E+00   0.237497E-02   0.192450E-04   0.239433E-02   0.239433E-02
   0.160744E+00   0.236656E-02   0.192116E-04   0.237240E-02   0.237240E-02
   0.161308E+00   0.234165E-02   0.191736E-04   0.235057E-02   0.235057E-02
   0.161872E+00   0.233469E-02   0.191157E-04   0.232883E-02   0.232883E-02
   0.162435E+00   0.231244E-02   0.191073E-04   0.230719E-02   0.230719E-02
   0.162999E+00   0.225652E-02   0.190440E-04   0.228564E-02   0.228564E-02
   0.163563E+00   0.221545E-02   0.190027E-04   0.226418E-02   0.226418E-02
   0.164126E+00   0.222955E-02   0.189993E-04   0.224281E-02   0.224281E-02
   0.164690E+00   0.223845E-02   0.189495E-04   0.222154E-02   0.222154E-02
   0.165254E+00   0.222166E-02   0.189312E-04   0.220036E-02   0.220036E-02
   0.165817E+00   0.215575E-02   0.188743E-04   0.217927E-02   0.217927E-02
   0.166381E+00   0.213700E-02   0.188518E-04   0.215827E-02   0.215827E-02
   0.166945E+00   0.215289E-02   0.188285E-04   0.213736E-02   0.213736E-02
   0.167509E+00   0.214360E-02   0.187882E-04   0.211654E-02   0.211654E-02
   0.168072E+00   0.210759E-02   0.187664E-04   0.209582E-02   0.209582E-02
   0.168636E+00   0.207318E-02   0.186984E-04   0.207519E-02   0.207519E-02
   0.169200E+00   0.200251E-02   0.186657E-04   0.205465E-02   0.205465E-02
   0.169763E+00   0.200674E-02   0.186317E-04   0.203421E-02   0.203421E-02
   0.170327E+00   0.203726E-02   0.186239E-04   0.201385E-02   0.201385E-02
   0.170891E+00   0.202188E-02   0.185923E-04   0.199360E-02   0.199360E-02
   0.171454E+00   0.200443E-02   0.185596E-04   0.197344E-02   0.197344E-02
   0.172018E+00   0.198694E-02   0.185458E-04   0.195337E-02   0.195337E-02
   0.172582E+00   0.195671E-02   0.184790E-04   0.193341E-02   0.193341E-02
   0.173145E+00   0.193708E-02   0.184653E-04   0.191354E-02   0.191354E-02
   0.173709E+00   0.190961E-02   0.184239E-04   0.189377E-02   0.189377E-02
   0.174272E+00   0.191005E-02   0.183911E-04   0.187410E-02   0.187410E-02
   0.174836E+00   0.188300E-02   0.183687E-04   0.185454E-02   0.185454E-02
   0.175400E+00   0.186201E-02   0.183288E-04   0.183507E-02   0.183507E-02
   0.175963E+00   0.181150E-02   0.183117E-04   0.181571E-02   0.181571E-02
   0.176527E+00   0.180450E-02   0.182691E-04   0.179646E-02   0.179646E-02
   0.177091E+00   0.179913E-02   0.182391E-04   0.177731E-02   0.177731E-02
   0.177654E+00   0.177082E-02   0.182183E-04   0.175827E-02   0.175827E-02
   0.178218E+00   0.171533E-02   0.181465E-04   0.173933E-02   0.173933E-02
   0.178781E+00   0.173025E-02   0.181573E-04   0.172051E-02   0.172051E-02
   0.179345E+00   0.172094E-02   0.181017E-04   0.170180E-02   0.170180E-02
   0.179909E+00   0.168779E-02   0.180815E-04   0.168321E-02   0.168321E-02
   0.180472E+00   0.167849E-02   0.180527E-04   0.166472E-02   0.166472E-02
   0.181036E+00   0.166146E-02   0.180052E-04   0.164636E-02   0.164636E-02
   0.181600E+00   0.166684E-02   0.180084E-04   0.162811E-02   0.162811E-02
   0.182163E+00   0.161533E-02   0.179447E-04   0.160998E-02   0.160998E-02
   0.182727E+00   0.154889E-02   0.179168E-04   0.159197E-02   0.159197E-02
   0.183290E+00   0.151972E-02   0.178698E-04   0.157408E-02   0.157408E-02
   0.183854E+00   0.153309E-02   0.178462E-04   0.155632E-02   0.155632E-02
   0.184417E+00   0.153288E-02   0.178316E-04   0.153868E-02   0.153868E-02
   0.184981E+00   0.150347E-02   0.177861E-04   0.152117E-02   0.152117E-02
   0.185545E+00   0.147783E-02   0.177884E-04   0.150378E-02   0.150378E-02
   0.186108E+00   0.150643E-02   0.177567E-04   0.148652E-02   0.148652E-02
   0.186672E+00   0.144836E-02   0.177095E-04   0.146940E-02   0.146940E-02
   0.187235E+00   0.143254E-02   0.176974E-04   0.145240E-02   0.145240E-02
   0.187799E+00   0.143552E-02   0.176531E-04   0.143554E-02   0.143554E-02
   0.188362E+00   0.142982E-02   0.176568E-04   0.141881E-02   0.141881E-02
   0.188926E+00   0.140281E-02   0.175902E-04   0.140222E-02   0.140222E-02
   0.189490E+00   0.139504E-02   0.175793E-04   0.138576E-02   0.138576E-02
   0.190053E+00   0.139296E-02   0.175574E-04   0.136945E-02   0.136945E-02
   0.190617E+00   0.135000E-02   0.175105E-04   0.135327E-02   0.135327E-02
   0.191180E+00   0.133128E-02   0.174862E-04   0.133723E-02   0.133723E-02
   0.191744E+00   0.134513E-02   0.174593E-04   0.132134E-02   0.132134E-02
   0.192307E+00   0.132594E-02   0.174537E-04   0.130559E-02   0.130559E-02
   0.192871E+00   0.127131E-02   0.174041E-04   0.128998E-02   0.128998E-02
   0.193434E+00   0.125456E-02   0.173726E-04   0.127452E-02   0.127452E-02
   0.193998E+00   0.127651E-02   0.173637E-04   0.125920E-02   0.125920E-02
   0.194561E+00   0.125804E-02   0.173336E-04   0.124403E-02   0.124403E-02
   0.195125E+00   0.125726E-02   0.173326E-04   0.122901E-02   0.122901E-02
   0.195688E+00   0.122667E-02   0.172615E-04   0.121413E-02   0.121413E-02
   0.196252E+00   0.122029E-02   0.172494E-04   0.119941E-02   0.119941E-02
   0.196815E+00   0.120989E-02   0.172414E-04   0.118484E-02   0.118484E-02
   0.197379E+00   0.118659E-02   0.171942E-04   0.117042E-02   0.117042E-02
   0.197942E+00   0.115759E-02   0.171743E-04   0.115615E-02   0.115615E-02
   0.198506E+00   0.112285E-02   0.171170E-04   0.114203E-02   0.114203E-02
   0.199069E+00   0.110157E-02   0.171229E-04   0.112807E-02   0.112807E-02
   0.199633E+00   0.109498E-02   0.170895E-04   0.111426E-02   0.111426E-02
   0.200196E+00   0.109070E-02   0.170669E-04   0.110060E-02   0.110060E-02
   0.200760E+00   0.109606E-02   0.170446E-04   0.108710E-02   0.108710E-02
   0.201323E+00   0.106631E-02   0.169874E-04   0.107376E-02   0.107376E-02
   0.201887E+00   0.105347E-02   0.169929E-04   0.106057E-02   0.106057E-02
   0.202450E+00   0.105768E-02   0.169421E-04   0.104754E-02   0.104754E-02
   0.203014E+00   0.104675E-02   0.169304E-04   0.103466E-02   0.103466E-02
   0.203577E+00   0.101978E-02   0.169121E-04   0.102194E-02   0.102194E-02
   0.204140E+00   0.100092E-02   0.168693E-04   0.100938E-02   0.100938E-02
   0.204704E+00   0.101164E-02   0.168746E-04   0.996977E-03   0.996977E-03
   0.205267E+00   0.100838E-02   0.168189E-04   0.984729E-03   0.984729E-03
   0.205831E+00   0.953199E-03   0.167984E-04   0.972638E-03   0.972638E-03
   0.206394E+00   0.922837E-03   0.168156E-04   0.960704E-03   0.960704E-03
   0.206958E+00   0.930289E-03   0.170608E-04   0.948926E-03   0.948926E-03
   0.207521E+00   0.921775E-03   0.172120E-04   0.937307E-03   0.937307E-03
   0.208084E+00   0.927460E-03   0.173023E-04   0.925844E-03   0.925844E-03
   0.208648E+00   0.930173E-03   0.175825E-04   0.914538E-03   0.914538E-03
   0.209211E+00   0.905268E-03   0.179441E-04   0.903388E-03   0.903388E-03
   0.209775E+00   0.911509E-03   0.182223E-04   0.892394E-03   0.892394E-03
   0.210338E+00   0.904556E-03   0.184183E-04   0.881555E-03   0.881555E-03
   0.210902E+00   0.871645E-03   0.185278E-04   0.870872E-03   0.870872E-03
   0.211465E+00   0.830283E-03   0.186823E-04   0.860344E-03   0.860344E-03
   0.212028E+00   0.831206E-03   0.187750E-04   0.849971E-03   0.849971E-03
   0.212592E+00   0.830974E-03   0.188552E-04   0.839751E-03   0.839751E-03
   0.213155E+00   0.840226E-03   0.189627E-04   0.829684E-03   0.829684E-03
   0.213718E+00   0.832920E-03   0.190427E-04   0.819770E-03   0.819770E-03
   0.214282E+00   0.862340E-03   0.191887E-04   0.810009E-03   0.810009E-03
   0.214845E+00   0.812874E-03   0.192117E-04   0.800398E-03   0.800398E-03
   0.215409E+00   0.773774E-03   0.193120E-04   0.790939E-03   0.790939E-03
   0.215972E+00   0.766510E-03   0.193945E-04   0.781629E-03   0.781629E-03
   0.216535E+00   0.793722E-03   0.193939E-04   0.772468E-03   0.772468E-03
   0.217099E+00   0.772993E-03   0.191442E-04   0.763455E-03   0.763455E-03
   0.217662E+00   0.725341E-03   0.188945E-04   0.754590E-03   0.754590E-03
   0.218225E+00   0.735605E-03   0.188166E-04   0.745871E-03   0.745871E-03
   0.218789E+00   0.755940E-03   0.187363E-04   0.737298E-03   0.737298E-03
   0.219352E+00   0.735585E-03   0.187035E-04   0.728869E-03   0.728869E-03
   0.219915E+00   0.724032E-03   0.186525E-04   0.720583E-03   0.720583E-03
   0.220479E+00   0.739264E-03   0.185867E-04   0.712440E-03   0.712440E-03
   0.221042E+00   0.714262E-03   0.185317E-04   0.704438E-03   0.704438E-03
   0.221605E+00   0.690333E-03   0.184333E-04   0.696576E-03   0.696576E-03
   0.222169E+00   0.659716E-03   0.183881E-04   0.688854E-03   0.688854E-03
   0.222732E+00   0.654783E-03   0.183513E-04   0.681269E-03   0.681269E-03
   0.223295E+00   0.650407E-03   0.183211E-04   0.673821E-03   0.673821E-03
   0.223859E+00   0.627029E-03   0.183125E-04   0.666508E-03   0.666508E-03
   0.224422E+00   0.621606E-03   0.182595E-04   0.659329E-03   0.659329E-03
   0.224985E+00   0.628904E-03   0.182572E-04   0.652284E-03   0.652284E-03
   0.225548E+00   0.642964E-03   0.182305E-04   0.645370E-03   0.645370E-03
   0.226112E+00   0.610211E-03   0.182063E-04   0.638586E-03   0.638586E-03
   0.226675E+00   0.589249E-03   0.181843E-04   0.631931E-03   0.631931E-03
   0.227238E+00   0.594849E-03   0.181603E-04   0.625404E-03   0.625404E-03
   0.227802E+00   0.590999E-03   0.181945E-04   0.619004E-03   0.619004E-03
   0.228365E+00   0.605164E-03   0.181644E-04   0.612727E-03   0.612727E-03
   0.228928E+00   0.627636E-03   0.181953E-04   0.606575E-03   0.606575E-03
   0.229491E+00   0.599321E-03   0.181714E-04   0.600544E-03   0.600544E-03
   0.230055E+00   0.565554E-03   0.181540E-04   0.594635E-03   0.594635E-03
   0.230618E+00   0.574889E-03   0.181508E-04   0.588844E-03   0.588844E-03
   0.231181E+00   0.563861E-03   0.181045E-04   0.583171E-03   0.583171E-03
   0.231744E+00   0.546459E-03   0.181100E-04   0.577615E-03   0.577615E-03
   0.232308E+00   0.534307E-03   0.180774E-04   0.572173E-03   0.572173E-03
   0.232871E+00   0.512677E-03   0.180654E-04   0.566844E-03   0.566844E-03
   0.233434E+00   0.554472E-03   0.180772E-04   0.561628E-03   0.561628E-03
   0.233997E+00   0.553298E-03   0.180411E-04   0.556521E-03   0.556521E-03
   0.234561E+00   0.575900E-03   0.180723E-04   0.551523E-03   0.551523E-03
   0.235124E+00   0.565635E-03   0.180246E-04   0.546633E-03   0.546633E-03
   0.235687E+00   0.541185E-03   0.180318E-04   0.541849E-03   0.541849E-03
   0.236250E+00   0.531411E-03   0.180144E-04   0.537169E-03   0.537169E-03
   0.236813E+00   0.538443E-03   0.179984E-04   0.532592E-03   0.532592E-03
   0.237377E+00   0.552594E-03   0.180071E-04   0.528116E-03   0.528116E-03
   0.237940E+00   0.518098E-03   0.179536E-04   0.523740E-03   0.523740E-03
   0.238503E+00   0.505818E-03   0.179508E-04   0.519462E-03   0.519462E-03
   0.239066E+00   0.523974E-03   0.179290E-04   0.515281E-03   0.515281E-03
   0.239629E+00   0.496498E-03   0.179078E-04   0.511196E-03   0.511196E-03
   0.240193E+00   0.469255E-03   0.179082E-04   0.507204E-03   0.507204E-03
   0.240756E+00   0.493330E-03   0.178664E-04   0.503304E-03   0.503304E-03
   0.241319E+00   0.505853E-03   0.178911E-04   0.499495E-03   0.499495E-03
   0.241882E+00   0.496445E-03   0.178682E-04   0.495775E-03   0.495775E-03
   0.242445E+00   0.502398E-03   0.178616E-04   0.492143E-03   0.492143E-03
   0.243008E+00   0.473963E-03   0.178479E-04   0.488597E-03   0.488597E-03
   0.243571E+00   0.459892E-03   0.177938E-04   0.485137E-03   0.485137E-03
   0.244135E+00   0.465181E-03   0.178282E-04   0.481759E-03   0.481759E-03
   0.244698E+00   0.442048E-03   0.177833E-04   0.478464E-03   0.478464E-03
   0.245261E+00   0.439224E-03   0.177761E-04   0.475249E-03   0.475249E-03
   0.245824E+00   0.447284E-03   0.177577E-04   0.472113E-03   0.472113E-03
   0.246387E+00   0.443974E-03   0.177451E-04   0.469055E-03   0.469055E-03
   0.246950E+00   0.463119E-03   0.177761E-04   0.466073E-03   0.466073E-03
   0.247513E+00   0.463891E-03   0.177397E-04   0.463165E-03   0.463165E-03
   0.248076E+00   0.455676E-03   0.177501E-04   0.460332E-03   0.460332E-03
   0.248640E+00   0.466139E-03   0.177313E-04   0.457569E-03   0.457569E-03
   0.249203E+00   0.446739E-03   0.177176E-04   0.454879E-03   0.454879E-03
   0.249766E+00   0.441978E-03   0.177255E-04   0.452257E-03   0.452257E-03
   0.250329E+00   0.412614E-03   0.176748E-04   0.449704E-03   0.449704E-03
   0.250892E+00   0.410144E-03   0.176692E-04   0.447217E-03   0.447217E-03
   0.251455E+00   0.466488E-03   0.176554E-04   0.444795E-03   0.444795E-03
   0.252018E+00   0.480682E-03   0.176688E-04   0.442438E-03   0.442438E-03
   0.252581E+00   0.435433E-03   0.176485E-04   0.440143E-03   0.440143E-03
   0.253144E+00   0.423277E-03   0.176228E-04   0.437911E-03   0.437911E-03
   0.253707E+00   0.420476E-03   0.176279E-04   0.435738E-03   0.435738E-03
   0.254270E+00   0.418349E-03   0.176033E-04   0.433624E-03   0.433624E-03
   0.254833E+00   0.378226E-03   0.175856E-04   0.431568E-03   0.431568E-03
   0.255396E+00   0.371241E-03   0.175489E-04   0.429569E-03   0.429569E-03
   0.255960E+00   0.407474E-03   0.175502E-04   0.427625E-03   0.427625E-03
   0.256523E+00   0.412035E-03   0.175663E-04   0.425736E-03   0.425736E-03
   0.257086E+00   0.408112E-03   0.175378E-04   0.423900E-03   0.423900E-03
   0.257649E+00   0.400106E-03   0.175383E-04   0.422116E-03   0.422116E-03
   0.258212E+00   0.412803E-03   0.175063E-04   0.420382E-03   0.420382E-03
   0.258775E+00   0.424452E-03   0.175250E-04   0.418699E-03   0.418699E-03
   0.259338E+00   0.448114E-03   0.175144E-04   0.417064E-03   0.417064E-03
   0.259901E+00   0.431757E-03   0.174833E-04   0.415476E-03   0.415476E-03
   0.260464E+00   0.435511E-03   0.175004E-04   0.413935E-03   0.413935E-03
   0.261027E+00   0.446810E-03   0.174606E-04   0.412440E-03   0.412440E-03
   0.261590E+00   0.418154E-03   0.174564E-04   0.410989E-03   0.410989E-03
   0.262153E+00   0.391074E-03   0.174234E-04   0.409581E-03   0.409581E-03
   0.262716E+00   0.402876E-03   0.174029E-04   0.408216E-03   0.408216E-03
   0.263279E+00   0.403513E-03   0.174149E-04   0.406893E-03   0.406893E-03
   0.263842E+00   0.402633E-03   0.173859E-04   0.405611E-03   0.405611E-03
   0.264405E+00   0.410155E-03   0.174107E-04   0.404367E-03   0.404367E-03
   0.264967E+00   0.396234E-03   0.173670E-04   0.403162E-03   0.403162E-03
   0.265530E+00   0.402047E-03   0.173625E-04   0.401996E-03   0.401996E-03
   0.266093E+00   0.409475E-03   0.173770E-04   0.400865E-03   0.400865E-03
   0.266656E+00   0.437494E-03   0.173504E-04   0.399771E-03   0.399771E-03
   0.267219E+00   0.406081E-03   0.173551E-04   0.398712E-03   0.398712E-03
   0.267782E+00   0.363242E-03   0.173018E-04   0.397687E-03   0.397687E-03
   0.268345E+00   0.392864E-03   0.173192E-04   0.396696E-03   0.396696E-03
   0.268908E+00   0.388485E-03   0.173130E-04   0.395737E-03   0.395737E-03
   0.269471E+00   0.370612E-03   0.172821E-04   0.394809E-03   0.394809E-03
   0.270034E+00   0.386416E-03   0.173049E-04   0.393913E-03   0.393913E-03
   0.270597E+00   0.410887E-03   0.172751E-04   0.393047E-03   0.393047E-03
   0.271160E+00   0.442113E-03   0.172956E-04   0.392211E-03   0.392211E-03
   0.271723E+00   0.433069E-03   0.172588E-04   0.391403E-03   0.391403E-03
   0.272286E+00   0.396527E-03   0.172303E-04   0.390622E-03   0.390622E-03
   0.272848E+00   0.374327E-03   0.172424E-04   0.389869E-03   0.389869E-03
   0.273411E+00   0.369155E-03   0.172093E-04   0.389143E-03   0.389143E-03
   0.273974E+00   0.380323E-03   0.172314E-04   0.388442E-03   0.388442E-03
   0.274537E+00   0.397716E-03   0.172105E-04   0.387767E-03   0.387767E-03
   0.275100E+00   0.411428E-03   0.172102E-04   0.387115E-03   0.387115E-03
   0.275663E+00   0.394526E-03   0.171998E-04   0.386488E-03   0.386488E-03
   0.276226E+00   0.386465E-03   0.171684E-04   0.385881E-03   0.385881E-03
   0.276788E+00   0.388366E-03   0.171679E-04   0.385301E-03   0.385301E-03
   0.277351E+00   0.400242E-03   0.171472E-04   0.384741E-03   0.384741E-03
   0.277914E+00   0.401908E-03   0.171602E-04   0.384201E-03   0.384201E-03
   0.278477E+00   0.363076E-03   0.171379E-04   0.383683E-03   0.383683E-03
   0.279040E+00   0.356354E-03   0.171131E-04   0.383184E-03   0.383184E-03
   0.279603E+00   0.349375E-03   0.171084E-04   0.382705E-03   0.382705E-03
   0.280165E+00   0.340866E-03   0.170704E-04   0.382244E-03   0.382244E-03
   0.280728E+00   0.353835E-03   0.170954E-04   0.381802E-03   0.381802E-03
   0.281291E+00   0.377066E-03   0.170804E-04   0.381377E-03   0.381377E-03
   0.281854E+00   0.386420E-03   0.170841E-04   0.380969E-03   0.380969E-03
   0.282417E+00   0.390114E-03   0.170971E-04   0.380578E-03   0.380578E-03
   0.282979E+00   0.375387E-03   0.170687E-04   0.380203E-03   0.380203E-03
   0.283542E+00   0.353499E-03   0.170709E-04   0.379844E-03   0.379844E-03
   0.284105E+00   0.367044E-03   0.170407E-04   0.379499E-03   0.379499E-03
   0.284668E+00   0.362011E-03   0.170516E-04   0.379169E-03   0.379169E-03
   0.285231E+00   0.357607E-03   0.170359E-04   0.378852E-03   0.378852E-03
   0.285793E+00   0.362577E-03   0.170299E-04   0.378550E-03   0.378550E-03
   0.286356E+00   0.374188E-03   0.170193E-04   0.378260E-03   0.378260E-03
   0.286919E+00   0.352184E-03   0.169849E-04   0.377982E-03   0.377982E-03
   0.287482E+00   0.373796E-03   0.170020E-04   0.377717E-03   0.377717E-03
   0.288044E+00   0.383962E-03   0.169874E-04   0.377463E-03   0.377463E-03
   0.288607E+00   0.383003E-03   0.169736E-04   0.377221E-03   0.377221E-03
   0.289170E+00   0.386349E-03   0.169714E-04   0.376989E-03   0.376989E-03
   0.289733E+00   0.386764E-03   0.169475E-04   0.376766E-03   0.376766E-03
   0.290295E+00   0.384857E-03   0.169695E-04   0.376555E-03   0.376555E-03
   0.290858E+00   0.368024E-03   0.169305E-04   0.376352E-03   0.376352E-03
   0.291421E+00   0.350143E-03   0.169227E-04   0.376158E-03   0.376158E-03
   0.291983E+00   0.359425E-03   0.169054E-04   0.375973E-03   0.375973E-03
   0.292546E+00   0.403731E-03   0.169203E-04   0.375795E-03   0.375795E-03
   0.293109E+00   0.416071E-03   0.169135E-04   0.375626E-03   0.375626E-03
   0.293671E+00   0.368486E-03   0.168791E-04   0.375463E-03   0.375463E-03
   0.294234E+00   0.382105E-03   0.168793E-04   0.375308E-03   0.375308E-03
   0.294797E+00   0.391834E-03   0.168606E-04   0.375158E-03   0.375158E-03
   0.295359E+00   0.393889E-03   0.168498E-04   0.375015E-03   0.375015E-03
   0.295922E+00   0.380707E-03   0.168280E-04   0.374878E-03   0.374878E-03
   0.296485E+00   0.361159E-03   0.167837E-04   0.374745E-03   0.374745E-03
   0.297047E+00   0.353228E-03   0.167688E-04   0.374619E-03   0.374619E-03
   0.297610E+00   0.368583E-03   0.167424E-04   0.374495E-03   0.374495E-03
   0.298173E+00   0.381719E-03   0.167219E-04   0.374377E-03   0.374377E-03
   0.298735E+00   0.352945E-03   0.166879E-04   0.374262E-03   0.374262E-03
   0.299298E+00   0.343406E-03   0.166604E-04   0.374151E-03   0.374151E-03
   0.299861E+00   0.349015E-03   0.166695E-04   0.374042E-03   0.374042E-03
   0.300423E+00   0.355722E-03   0.166489E-04   0.373937E-03   0.373937E-03
   0.300986E+00   0.357615E-03   0.166435E-04   0.373834E-03   0.373834E-03
   0.301548E+00   0.367565E-03   0.166468E-04   0.373733E-03   0.373733E-03
   0.302111E+00   0.395889E-03   0.166494E-04   0.373633E-03   0.373633E-03
   0.302674E+00   0.418247E-03   0.166487E-04   0.373536E-03   0.373536E-03
   0.303236E+00   0.397751E-03   0.166267E-04   0.373439E-03   0.373439E-03
   0.303799E+00   0.373429E-03   0.166061E-04   0.373342E-03   0.373342E-03
   0.304361E+00   0.369632E-03   0.165908E-04   0.373247E-03   0.373247E-03
   0.304924E+00   0.374259E-03   0.165925E-04   0.373151E-03   0.373151E-03
   0.305487E+00   0.389628E-03   0.165774E-04   0.373055E-03   0.373055E-03
   0.306049E+00   0.364930E-03   0.165659E-04   0.372959E-03   0.372959E-03
   0.306612E+00   0.361101E-03   0.165628E-04   0.372862E-03   0.372862E-03
   0.307174E+00   0.400411E-03   0.165556E-04   0.372763E-03   0.372763E-03
   0.307737E+00   0.412714E-03   0.165528E-04   0.372663E-03   0.372663E-03
   0.308299E+00   0.373138E-03   0.165137E-04   0.372562E-03   0.372562E-03
   0.308862E+00   0.358802E-03   0.165203E-04   0.372459E-03   0.372459E-03
   0.309424E+00   0.342793E-03   0.165025E-04   0.372353E-03   0.372353E-03
   0.309987E+00   0.358126E-03   0.164813E-04   0.372244E-03   0.372244E-03
   0.310549E+00   0.376448E-03   0.164782E-04   0.372133E-03   0.372133E-03
   0.311112E+00   0.374186E-03   0.164546E-04   0.372019E-03   0.372019E-03
   0.311674E+00   0.378595E-03   0.164793E-04   0.371901E-03   0.371901E-03
   0.312237E+00   0.370542E-03   0.164530E-04   0.371780E-03   0.371780E-03
   0.312799E+00   0.377405E-03   0.164413E-04   0.371655E-03   0.371655E-03
   0.313362E+00   0.380421E-03   0.164453E-04   0.371526E-03   0.371526E-03
   0.313924E+00   0.366170E-03   0.164055E-04   0.371392E-03   0.371392E-03
   0.314487E+00   0.364871E-03   0.164143E-04   0.371254E-03   0.371254E-03
   0.315049E+00   0.366018E-03   0.163917E-04   0.371110E-03   0.371110E-03
   0.315612E+00   0.356926E-03   0.163911E-04   0.370962E-03   0.370962E-03
   0.316174E+00   0.362655E-03   0.163973E-04   0.370808E-03   0.370808E-03
   0.316737E+00   0.377451E-03   0.163700E-04   0.370649E-03   0.370649E-03
   0.317299E+00   0.375532E-03   0.163762E-04   0.370484E-03   0.370484E-03
   0.317861E+00   0.359961E-03   0.163434E-04   0.370315E-03   0.370315E-03
   0.318424E+00   0.352102E-03   0.163497E-04   0.370136E-03   0.370136E-03
   0.318986E+00   0.363914E-03   0.163464E-04   0.369953E-03   0.369953E-03
   0.319549E+00   0.363632E-03   0.163264E-04   0.369762E-03   0.369762E-03
   0.320111E+00   0.358645E-03   0.163314E-04   0.369565E-03   0.369565E-03
   0.320674E+00   0.345335E-03   0.163064E-04   0.369362E-03   0.369362E-03
   0.321236E+00   0.341263E-03   0.163174E-04   0.369150E-03   0.369150E-03
   0.321798E+00   0.308084E-03   0.162751E-04   0.368932E-03   0.368932E-03
   0.322361E+00   0.336938E-03   0.162740E-04   0.368706E-03   0.368706E-03
   0.322923E+00   0.378300E-03   0.162895E-04   0.368473E-03   0.368473E-03
   0.323485E+00   0.359058E-03   0.162727E-04   0.368231E-03   0.368231E-03
   0.324048E+00   0.360683E-03   0.162829E-04   0.367982E-03   0.367982E-03
   0.324610E+00   0.393752E-03   0.162643E-04   0.367724E-03   0.367724E-03
   0.325173E+00   0.402016E-03   0.162723E-04   0.367458E-03   0.367458E-03
   0.325735E+00   0.385685E-03   0.162570E-04   0.367184E-03   0.367184E-03
   0.326297E+00   0.393941E-03   0.162397E-04   0.366901E-03   0.366901E-03
   0.326860E+00   0.384007E-03   0.162450E-04   0.366610E-03   0.366610E-03
   0.327422E+00   0.339109E-03   0.162071E-04   0.366309E-03   0.366309E-03
   0.327984E+00   0.331125E-03   0.162172E-04   0.366000E-03   0.366000E-03
   0.328547E+00   0.352016E-03   0.162080E-04   0.365682E-03   0.365682E-03
   0.329109E+00   0.349855E-03   0.161910E-04   0.365355E-03   0.365355E-03
   0.329671E+00   0.331818E-03   0.161826E-04   0.365018E-03   0.365018E-03
   0.330233E+00   0.346614E-03   0.161673E-04   0.364672E-03   0.364672E-03
   0.330796E+00   0.349730E-03   0.161791E-04   0.364317E-03   0.364317E-03
   0.331358E+00   0.365626E-03   0.161612E-04   0.363952E-03   0.363952E-03
   0.331920E+00   0.352710E-03   0.161512E-04   0.363578E-03   0.363578E-03
   0.332483E+00   0.361327E-03   0.161486E-04   0.363194E-03   0.363194E-03
   0.333045E+00   0.381479E-03   0.161503E-04   0.362801E-03   0.362801E-03
   0.333607E+00   0.355008E-03   0.161415E-04   0.362397E-03   0.362397E-03
   0.334169E+00   0.343859E-03   0.161072E-04   0.361984E-03   0.361984E-03
   0.334732E+00   0.369402E-03   0.161234E-04   0.361562E-03   0.361562E-03
   0.335294E+00   0.383175E-03   0.161143E-04   0.361129E-03   0.361129E-03
   0.335856E+00   0.393669E-03   0.161114E-04   0.360687E-03   0.360687E-03
   0.336418E+00   0.389559E-03   0.161065E-04   0.360234E-03   0.360234E-03
   0.336980E+00   0.368857E-03   0.160714E-04   0.359772E-03   0.359772E-03
   0.337543E+00   0.387686E-03   0.160965E-04   0.359300E-03   0.359300E-03
   0.338105E+00   0.397582E-03   0.160792E-04   0.358818E-03   0.358818E-03
   0.338667E+00   0.386411E-03   0.160583E-04   0.358326E-03   0.358326E-03
   0.339229E+00   0.381528E-03   0.160447E-04   0.357824E-03   0.357824E-03
   0.339791E+00   0.384801E-03   0.160354E-04   0.357312E-03   0.357312E-03
   0.340354E+00   0.365985E-03   0.160416E-04   0.356790E-03   0.356790E-03
   0.340916E+00   0.390246E-03   0.160234E-04   0.356259E-03   0.356259E-03
   0.341478E+00   0.374026E-03   0.160177E-04   0.355718E-03   0.355718E-03
   0.342040E+00   0.348155E-03   0.160129E-04   0.355166E-03   0.355166E-03
   0.342602E+00   0.351749E-03   0.159960E-04   0.354606E-03   0.354606E-03
   0.343164E+00   0.354846E-03   0.159977E-04   0.354035E-03   0.354035E-03
   0.343727E+00   0.380765E-03   0.159754E-04   0.353455E-03   0.353455E-03
   0.344289E+00   0.386354E-03   0.159854E-04   0.352865E-03   0.352865E-03
   0.344851E+00   0.383832E-03   0.159639E-04   0.352266E-03   0.352266E-03
   0.345413E+00   0.364652E-03   0.159568E-04   0.351658E-03   0.351658E-03
   0.345975E+00   0.367956E-03   0.159534E-04   0.351039E-03   0.351039E-03
   0.346537E+00   0.361424E-03   0.159259E-04   0.350412E-03   0.350412E-03
   0.347099E+00   0.365252E-03   0.159507E-04   0.349776E-03   0.349776E-03
   0.347661E+00   0.376768E-03   0.159274E-04   0.349130E-03   0.349130E-03
   0.348223E+00   0.395935E-03   0.159319E-04   0.348476E-03   0.348476E-03
   0.348786E+00   0.390164E-03   0.159220E-04   0.347812E-03   0.347812E-03
   0.349348E+00   0.377667E-03   0.158930E-04   0.347140E-03   0.347140E-03
   0.349910E+00   0.380034E-03   0.159181E-04   0.346459E-03   0.346459E-03
   0.350472E+00   0.366222E-03   0.158775E-04   0.345769E-03   0.345769E-03

           ####      Real Space Data                               ####

           Distance distribution  function of particle  


      R          P(R)      ERROR

  0.0000E+00  0.0000E+00  0.0000E+00
  0.3706E+00  0.1274E-05  0.8710E-08
  0.7411E+00  0.2546E-05  0.1597E-07
  0.1112E+01  0.3814E-05  0.2181E-07
  0.1482E+01  0.5081E-05  0.2627E-07
  0.1853E+01  0.6345E-05  0.2940E-07
  0.2223E+01  0.7610E-05  0.3128E-07
  0.2594E+01  0.8874E-05  0.3199E-07
  0.2964E+01  0.1014E-04  0.3164E-07
  0.3335E+01  0.1141E-04  0.3034E-07
  0.3706E+01  0.1268E-04  0.2824E-07
  0.4076E+01  0.1397E-04  0.2550E-07
  0.4447E+01  0.1525E-04  0.2235E-07
  0.4817E+01  0.1655E-04  0.1910E-07
  0.5188E+01  0.1786E-04  0.1623E-07
  0.5558E+01  0.1917E-04  0.1446E-07
  0.5929E+01  0.2051E-04  0.1453E-07
  0.6299E+01  0.2185E-04  0.1652E-07
  0.6670E+01  0.2321E-04  0.1984E-07
  0.7041E+01  0.2458E-04  0.2381E-07
  0.7411E+01  0.2596E-04  0.2796E-07
  0.7782E+01  0.2736E-04  0.3202E-07
  0.8152E+01  0.2878E-04  0.3579E-07
  0.8523E+01  0.3020E-04  0.3914E-07
  0.8893E+01  0.3164E-04  0.4198E-07
  0.9264E+01  0.3308E-04  0.4424E-07
  0.9635E+01  0.3454E-04  0.4587E-07
  0.1001E+02  0.3599E-04  0.4684E-07
  0.1038E+02  0.3745E-04  0.4716E-07
  0.1075E+02  0.3890E-04  0.4681E-07
  0.1112E+02  0.4034E-04  0.4585E-07
  0.1149E+02  0.4178E-04  0.4432E-07
  0.1186E+02  0.4320E-04  0.4229E-07
  0.1223E+02  0.4460E-04  0.3986E-07
  0.1260E+02  0.4598E-04  0.3717E-07
  0.1297E+02  0.4732E-04  0.3438E-07
  0.1334E+02  0.4863E-04  0.3173E-07
  0.1371E+02  0.4990E-04  0.2947E-07
  0.1408E+02  0.5112E-04  0.2792E-07
  0.1445E+02  0.5230E-04  0.2734E-07
  0.1482E+02  0.5341E-04  0.2786E-07
  0.1519E+02  0.5446E-04  0.2943E-07
  0.1556E+02  0.5545E-04  0.3184E-07
  0.1593E+02  0.5636E-04  0.3480E-07
  0.1630E+02  0.5720E-04  0.3805E-07
  0.1668E+02  0.5796E-04  0.4135E-07
  0.1705E+02  0.5864E-04  0.4452E-07
  0.1742E+02  0.5923E-04  0.4744E-07
  0.1779E+02  0.5973E-04  0.4999E-07
  0.1816E+02  0.6014E-04  0.5211E-07
  0.1853E+02  0.6046E-04  0.5373E-07
  0.1890E+02  0.6068E-04  0.5483E-07
  0.1927E+02  0.6081E-04  0.5539E-07
  0.1964E+02  0.6085E-04  0.5543E-07
  0.2001E+02  0.6080E-04  0.5498E-07
  0.2038E+02  0.6066E-04  0.5409E-07
  0.2075E+02  0.6042E-04  0.5283E-07
  0.2112E+02  0.6011E-04  0.5130E-07
  0.2149E+02  0.5971E-04  0.4961E-07
  0.2186E+02  0.5923E-04  0.4790E-07
  0.2223E+02  0.5868E-04  0.4634E-07
  0.2260E+02  0.5806E-04  0.4509E-07
  0.2297E+02  0.5738E-04  0.4430E-07
  0.2335E+02  0.5665E-04  0.4411E-07
  0.2372E+02  0.5586E-04  0.4457E-07
  0.2409E+02  0.5502E-04  0.4569E-07
  0.2446E+02  0.5415E-04  0.4740E-07
  0.2483E+02  0.5325E-04  0.4958E-07
  0.2520E+02  0.5232E-04  0.5207E-07
  0.2557E+02  0.5138E-04  0.5474E-07
  0.2594E+02  0.5042E-04  0.5743E-07
  0.2631E+02  0.4946E-04  0.6002E-07
  0.2668E+02  0.4850E-04  0.6240E-07
  0.2705E+02  0.4755E-04  0.6449E-07
  0.2742E+02  0.4661E-04  0.6621E-07
  0.2779E+02  0.4569E-04  0.6753E-07
  0.2816E+02  0.4480E-04  0.6842E-07
  0.2853E+02  0.4394E-04  0.6887E-07
  0.2890E+02  0.4311E-04  0.6890E-07
  0.2927E+02  0.4231E-04  0.6854E-07
  0.2964E+02  0.4156E-04  0.6784E-07
  0.3002E+02  0.4085E-04  0.6687E-07
  0.3039E+02  0.4019E-04  0.6571E-07
  0.3076E+02  0.3957E-04  0.6448E-07
  0.3113E+02  0.3900E-04  0.6328E-07
  0.3150E+02  0.3848E-04  0.6224E-07
  0.3187E+02  0.3801E-04  0.6145E-07
  0.3224E+02  0.3758E-04  0.6104E-07
  0.3261E+02  0.3720E-04  0.6106E-07
  0.3298E+02  0.3687E-04  0.6155E-07
  0.3335E+02  0.3658E-04  0.6251E-07
  0.3372E+02  0.3632E-04  0.6390E-07
  0.3409E+02  0.3611E-04  0.6564E-07
  0.3446E+02  0.3593E-04  0.6762E-07
  0.3483E+02  0.3578E-04  0.6975E-07
  0.3520E+02  0.3565E-04  0.7191E-07
  0.3557E+02  0.3555E-04  0.7400E-07
  0.3594E+02  0.3547E-04  0.7592E-07
  0.3631E+02  0.3540E-04  0.7759E-07
  0.3669E+02  0.3534E-04  0.7895E-07
  0.3706E+02  0.3529E-04  0.7997E-07
  0.3743E+02  0.3524E-04  0.8059E-07
  0.3780E+02  0.3519E-04  0.8083E-07
  0.3817E+02  0.3513E-04  0.8068E-07
  0.3854E+02  0.3507E-04  0.8017E-07
  0.3891E+02  0.3499E-04  0.7934E-07
  0.3928E+02  0.3490E-04  0.7825E-07
  0.3965E+02  0.3479E-04  0.7697E-07
  0.4002E+02  0.3466E-04  0.7559E-07
  0.4039E+02  0.3451E-04  0.7421E-07
  0.4076E+02  0.3433E-04  0.7293E-07
  0.4113E+02  0.3412E-04  0.7185E-07
  0.4150E+02  0.3389E-04  0.7108E-07
  0.4187E+02  0.3363E-04  0.7068E-07
  0.4224E+02  0.3335E-04  0.7071E-07
  0.4261E+02  0.3303E-04  0.7120E-07
  0.4298E+02  0.3268E-04  0.7213E-07
  0.4336E+02  0.3231E-04  0.7346E-07
  0.4373E+02  0.3190E-04  0.7513E-07
  0.4410E+02  0.3147E-04  0.7706E-07
  0.4447E+02  0.3102E-04  0.7917E-07
  0.4484E+02  0.3054E-04  0.8135E-07
  0.4521E+02  0.3004E-04  0.8354E-07
  0.4558E+02  0.2951E-04  0.8565E-07
  0.4595E+02  0.2897E-04  0.8764E-07
  0.4632E+02  0.2841E-04  0.8945E-07
  0.4669E+02  0.2783E-04  0.9106E-07
  0.4706E+02  0.2724E-04  0.9245E-07
  0.4743E+02  0.2664E-04  0.9362E-07
  0.4780E+02  0.2602E-04  0.9458E-07
  0.4817E+02  0.2540E-04  0.9534E-07
  0.4854E+02  0.2477E-04  0.9595E-07
  0.4891E+02  0.2414E-04  0.9642E-07
  0.4928E+02  0.2350E-04  0.9680E-07
  0.4965E+02  0.2286E-04  0.9713E-07
  0.5003E+02  0.2223E-04  0.9745E-07
  0.5040E+02  0.2159E-04  0.9779E-07
  0.5077E+02  0.2095E-04  0.9816E-07
  0.5114E+02  0.2032E-04  0.9859E-07
  0.5151E+02  0.1969E-04  0.9909E-07
  0.5188E+02  0.1907E-04  0.9963E-07
  0.5225E+02  0.1845E-04  0.1002E-06
  0.5262E+02  0.1783E-04  0.1008E-06
  0.5299E+02  0.1722E-04  0.1015E-06
  0.5336E+02  0.1662E-04  0.1020E-06
  0.5373E+02  0.1603E-04  0.1026E-06
  0.5410E+02  0.1544E-04  0.1030E-06
  0.5447E+02  0.1486E-04  0.1034E-06
  0.5484E+02  0.1428E-04  0.1036E-06
  0.5521E+02  0.1372E-04  0.1038E-06
  0.5558E+02  0.1316E-04  0.1038E-06
  0.5595E+02  0.1260E-04  0.1038E-06
  0.5632E+02  0.1206E-04  0.1038E-06
  0.5670E+02  0.1152E-04  0.1037E-06
  0.5707E+02  0.1099E-04  0.1037E-06
  0.5744E+02  0.1046E-04  0.1038E-06
  0.5781E+02  0.9944E-05  0.1039E-06
  0.5818E+02  0.9436E-05  0.1043E-06
  0.5855E+02  0.8936E-05  0.1048E-06
  0.5892E+02  0.8445E-05  0.1056E-06
  0.5929E+02  0.7964E-05  0.1065E-06
  0.5966E+02  0.7493E-05  0.1076E-06
  0.6003E+02  0.7032E-05  0.1089E-06
  0.6040E+02  0.6582E-05  0.1103E-06
  0.6077E+02  0.6144E-05  0.1118E-06
  0.6114E+02  0.5719E-05  0.1132E-06
  0.6151E+02  0.5308E-05  0.1146E-06
  0.6188E+02  0.4910E-05  0.1159E-06
  0.6225E+02  0.4527E-05  0.1171E-06
  0.6262E+02  0.4160E-05  0.1181E-06
  0.6299E+02  0.3809E-05  0.1189E-06
  0.6337E+02  0.3475E-05  0.1194E-06
  0.6374E+02  0.3158E-05  0.1199E-06
  0.6411E+02  0.2859E-05  0.1201E-06
  0.6448E+02  0.2578E-05  0.1203E-06
  0.6485E+02  0.2315E-05  0.1205E-06
  0.6522E+02  0.2071E-05  0.1208E-06
  0.6559E+02  0.1845E-05  0.1212E-06
  0.6596E+02  0.1638E-05  0.1218E-06
  0.6633E+02  0.1448E-05  0.1227E-06
  0.6670E+02  0.1277E-05  0.1238E-06
  0.6707E+02  0.1122E-05  0.1252E-06
  0.6744E+02  0.9831E-06  0.1267E-06
  0.6781E+02  0.8599E-06  0.1282E-06
  0.6818E+02  0.7511E-06  0.1296E-06
  0.6855E+02  0.6555E-06  0.1306E-06
  0.6892E+02  0.5720E-06  0.1309E-06
  0.6929E+02  0.4990E-06  0.1304E-06
  0.6966E+02  0.4351E-06  0.1286E-06
  0.7004E+02  0.3788E-06  0.1253E-06
  0.7041E+02  0.3284E-06  0.1200E-06
  0.7078E+02  0.2823E-06  0.1125E-06
  0.7115E+02  0.2388E-06  0.1024E-06
  0.7152E+02  0.1961E-06  0.8928E-07
  0.7189E+02  0.1525E-06  0.7285E-07
  0.7226E+02  0.1064E-06  0.5272E-07
  0.7263E+02  0.5606E-07  0.2855E-07
  0.7300E+02  0.0000E+00  0.0000E+00